2024-12-10 12:47:50 [INFO]: Servidor rodando na porta 3000
2024-12-10 12:47:50 [INFO]: Conectado ao MongoDB com sucesso
2024-12-10 12:51:02 [WARN]: Falha de login para o e-mail: synfloodbr@gmail.com
2024-12-10 12:51:33 [WARN]: Falha de login para o e-mail: synfloodbr@gmail.com
2024-12-10 12:51:56 [WARN]: Falha de login para o e-mail: jvmendes.ti@gmail.com
2024-12-10 12:57:00 [INFO]: Servidor rodando na porta 3000
2024-12-10 12:57:00 [INFO]: Conectado ao MongoDB com sucesso
2024-12-10 12:58:36 [WARN]: Falha de login para o e-mail: usuario@example.com
2024-12-10 13:02:31 [INFO]: Servidor rodando na porta 3000
2024-12-10 13:02:31 [INFO]: Conectado ao MongoDB com sucesso
2024-12-10 13:04:28 [INFO]: Servidor rodando na porta 3000
2024-12-10 13:04:28 [INFO]: Conectado ao MongoDB com sucesso
2024-12-10 13:05:22 [INFO]: Servidor rodando na porta 3000
2024-12-10 13:05:22 [INFO]: Conectado ao MongoDB com sucesso
2024-12-10 13:05:59 [WARN]: Falha de login para o e-mail: jvmendes.ti@gmail.com
2024-12-10 13:06:27 [WARN]: Falha de login para o e-mail: undefined
2024-12-10 13:06:36 [WARN]: Falha de login para o e-mail: undefined
2024-12-10 13:07:01 [WARN]: Falha de login para o e-mail: undefined
2024-12-10 13:07:59 [WARN]: Falha de login para o e-mail: undefined
2024-12-10 13:14:55 [INFO]: Servidor rodando na porta 3000
2024-12-10 13:14:55 [INFO]: Conectado ao MongoDB com sucesso
